<?xml version="1.0" encoding="UTF-8"?>
<testsuite name="Team43.SocialCalendar.SocialCalendarApplicationTests" tests="1" skipped="0" failures="0" errors="0" timestamp="2022-09-27T09:37:13" hostname="anjung-gyuui-MacBookPro.local" time="0.074">
  <properties/>
  <testcase name="contextLoads()" classname="Team43.SocialCalendar.SocialCalendarApplicationTests" time="0.074"/>
  <system-out><![CDATA[18:37:10.650 [Test worker] DEBUG org.springframework.test.context.BootstrapUtils - Instantiating CacheAwareContextLoaderDelegate from class [org.springframework.test.context.cache.DefaultCacheAwareContextLoaderDelegate]
18:37:10.657 [Test worker] DEBUG org.springframework.test.context.BootstrapUtils - Instantiating BootstrapContext using constructor [public org.springframework.test.context.support.DefaultBootstrapContext(java.lang.Class,org.springframework.test.context.CacheAwareContextLoaderDelegate)]
18:37:10.678 [Test worker] DEBUG org.springframework.test.context.BootstrapUtils - Instantiating TestContextBootstrapper for test class [Team43.SocialCalendar.SocialCalendarApplicationTests] from class [org.springframework.boot.test.context.SpringBootTestContextBootstrapper]
18:37:10.684 [Test worker] INFO org.springframework.boot.test.context.SpringBootTestContextBootstrapper - Neither @ContextConfiguration nor @ContextHierarchy found for test class [Team43.SocialCalendar.SocialCalendarApplicationTests], using SpringBootContextLoader
18:37:10.686 [Test worker] DEBUG org.springframework.test.context.support.AbstractContextLoader - Did not detect default resource location for test class [Team43.SocialCalendar.SocialCalendarApplicationTests]: class path resource [Team43/SocialCalendar/SocialCalendarApplicationTests-context.xml] does not exist
18:37:10.686 [Test worker] DEBUG org.springframework.test.context.support.AbstractContextLoader - Did not detect default resource location for test class [Team43.SocialCalendar.SocialCalendarApplicationTests]: class path resource [Team43/SocialCalendar/SocialCalendarApplicationTestsContext.groovy] does not exist
18:37:10.687 [Test worker] INFO org.springframework.test.context.support.AbstractContextLoader - Could not detect default resource locations for test class [Team43.SocialCalendar.SocialCalendarApplicationTests]: no resource found for suffixes {-context.xml, Context.groovy}.
18:37:10.687 [Test worker] INFO org.springframework.test.context.support.AnnotationConfigContextLoaderUtils - Could not detect default configuration classes for test class [Team43.SocialCalendar.SocialCalendarApplicationTests]: SocialCalendarApplicationTests does not declare any static, non-private, non-final, nested classes annotated with @Configuration.
18:37:10.709 [Test worker] DEBUG org.springframework.test.context.support.ActiveProfilesUtils - Could not find an 'annotation declaring class' for annotation type [org.springframework.test.context.ActiveProfiles] and class [Team43.SocialCalendar.SocialCalendarApplicationTests]
18:37:10.743 [Test worker] DEBUG org.springframework.context.annotation.ClassPathScanningCandidateComponentProvider - Identified candidate component class: file [/Users/ahn_junggyu/Desktop/SocialCalendar/merge/seb39_main_043/server/SocialCalendar/build/classes/java/main/Team43/SocialCalendar/SocialCalendarApplication.class]
18:37:10.744 [Test worker] INFO org.springframework.boot.test.context.SpringBootTestContextBootstrapper - Found @SpringBootConfiguration Team43.SocialCalendar.SocialCalendarApplication for test class Team43.SocialCalendar.SocialCalendarApplicationTests
18:37:10.806 [Test worker] DEBUG org.springframework.boot.test.context.SpringBootTestContextBootstrapper - @TestExecutionListeners is not present for class [Team43.SocialCalendar.SocialCalendarApplicationTests]: using defaults.
18:37:10.806 [Test worker] INFO org.springframework.boot.test.context.SpringBootTestContextBootstrapper - Loaded default TestExecutionListener class names from location [META-INF/spring.factories]: [org.springframework.boot.test.autoconfigure.restdocs.RestDocsTestExecutionListener, org.springframework.boot.test.autoconfigure.web.client.MockRestServiceServerResetTestExecutionListener, org.springframework.boot.test.autoconfigure.web.servlet.MockMvcPrintOnlyOnFailureTestExecutionListener, org.springframework.boot.test.autoconfigure.web.servlet.WebDriverTestExecutionListener, org.springframework.boot.test.autoconfigure.webservices.client.MockWebServiceServerTestExecutionListener, org.springframework.boot.test.mock.mockito.MockitoTestExecutionListener, org.springframework.boot.test.mock.mockito.ResetMocksTestExecutionListener, org.springframework.test.context.web.ServletTestExecutionListener, org.springframework.test.context.support.DirtiesContextBeforeModesTestExecutionListener, org.springframework.test.context.event.ApplicationEventsTestExecutionListener, org.springframework.test.context.support.DependencyInjectionTestExecutionListener, org.springframework.test.context.support.DirtiesContextTestExecutionListener, org.springframework.test.context.transaction.TransactionalTestExecutionListener, org.springframework.test.context.jdbc.SqlScriptsTestExecutionListener, org.springframework.test.context.event.EventPublishingTestExecutionListener]
18:37:10.822 [Test worker] INFO org.springframework.boot.test.context.SpringBootTestContextBootstrapper - Using TestExecutionListeners: [org.springframework.test.context.web.ServletTestExecutionListener@345e5a17, org.springframework.test.context.support.DirtiesContextBeforeModesTestExecutionListener@5ea502e0, org.springframework.test.context.event.ApplicationEventsTestExecutionListener@443dbe42, org.springframework.boot.test.mock.mockito.MockitoTestExecutionListener@473b3b7a, org.springframework.boot.test.autoconfigure.SpringBootDependencyInjectionTestExecutionListener@1734f68, org.springframework.test.context.support.DirtiesContextTestExecutionListener@77b7ffa4, org.springframework.test.context.transaction.TransactionalTestExecutionListener@5ed190be, org.springframework.test.context.jdbc.SqlScriptsTestExecutionListener@402f80f5, org.springframework.test.context.event.EventPublishingTestExecutionListener@5bbc9f97, org.springframework.boot.test.autoconfigure.restdocs.RestDocsTestExecutionListener@133e019b, org.springframework.boot.test.autoconfigure.web.client.MockRestServiceServerResetTestExecutionListener@41382722, org.springframework.boot.test.autoconfigure.web.servlet.MockMvcPrintOnlyOnFailureTestExecutionListener@7dac3fd8, org.springframework.boot.test.autoconfigure.web.servlet.WebDriverTestExecutionListener@425357dd, org.springframework.boot.test.autoconfigure.webservices.client.MockWebServiceServerTestExecutionListener@2102a4d5, org.springframework.boot.test.mock.mockito.ResetMocksTestExecutionListener@210386e0]
18:37:10.824 [Test worker] DEBUG org.springframework.test.context.support.AbstractDirtiesContextTestExecutionListener - Before test class: context [DefaultTestContext@1edb61b1 testClass = SocialCalendarApplicationTests, testInstance = [null], testMethod = [null], testException = [null], mergedContextConfiguration = [WebMergedContextConfiguration@ec2bf82 testClass = SocialCalendarApplicationTests, locations = '{}', classes = '{class Team43.SocialCalendar.SocialCalendarApplication}', contextInitializerClasses = '[]', activeProfiles = '{}', propertySourceLocations = '{}', propertySourceProperties = '{org.springframework.boot.test.context.SpringBootTestContextBootstrapper=true}', contextCustomizers = set[org.springframework.boot.test.autoconfigure.actuate.metrics.MetricsExportContextCustomizerFactory$DisableMetricExportContextCustomizer@aeab9a1, org.springframework.boot.test.autoconfigure.properties.PropertyMappingContextCustomizer@0, org.springframework.boot.test.autoconfigure.web.servlet.WebDriverContextCustomizerFactory$Customizer@3a3e4aff, org.springframework.boot.test.context.filter.ExcludeFilterContextCustomizer@78fbff54, org.springframework.boot.test.json.DuplicateJsonObjectContextCustomizerFactory$DuplicateJsonObjectContextCustomizer@6941827a, org.springframework.boot.test.mock.mockito.MockitoContextCustomizer@0, org.springframework.boot.test.web.client.TestRestTemplateContextCustomizer@3f792b9b, org.springframework.boot.test.context.SpringBootTestArgs@1, org.springframework.boot.test.context.SpringBootTestWebEnvironment@4b8729ff], resourceBasePath = 'src/main/webapp', contextLoader = 'org.springframework.boot.test.context.SpringBootContextLoader', parent = [null]], attributes = map['org.springframework.test.context.web.ServletTestExecutionListener.activateListener' -> true]], class annotated with @DirtiesContext [false] with mode [null].

  .   ____          _            __ _ _
 /\\ / ___'_ __ _ _(_)_ __  __ _ \ \ \ \
( ( )\___ | '_ | '_| | '_ \/ _` | \ \ \ \
 \\/  ___)| |_)| | | | | || (_| |  ) ) ) )
  '  |____| .__|_| |_|_| |_\__, | / / / /
 =========|_|==============|___/=/_/_/_/
 :: Spring Boot ::                (v2.7.3)

2022-09-27 18:37:11.217  INFO 6681 --- [    Test worker] T.S.SocialCalendarApplicationTests       : Starting SocialCalendarApplicationTests using Java 11.0.15 on anjung-gyuui-MacBookPro.local with PID 6681 (started by ahn_junggyu in /Users/ahn_junggyu/Desktop/SocialCalendar/merge/seb39_main_043/server/SocialCalendar)
2022-09-27 18:37:11.218  INFO 6681 --- [    Test worker] T.S.SocialCalendarApplicationTests       : No active profile set, falling back to 1 default profile: "mysql"
2022-09-27 18:37:11.620  INFO 6681 --- [    Test worker] .s.d.r.c.RepositoryConfigurationDelegate : Bootstrapping Spring Data JPA repositories in DEFAULT mode.
2022-09-27 18:37:11.653  INFO 6681 --- [    Test worker] .s.d.r.c.RepositoryConfigurationDelegate : Finished Spring Data repository scanning in 29 ms. Found 4 JPA repository interfaces.
2022-09-27 18:37:11.939  INFO 6681 --- [    Test worker] com.zaxxer.hikari.HikariDataSource       : HikariPool-1 - Starting...
2022-09-27 18:37:12.064  INFO 6681 --- [    Test worker] com.zaxxer.hikari.HikariDataSource       : HikariPool-1 - Start completed.
2022-09-27 18:37:12.105  INFO 6681 --- [    Test worker] o.hibernate.jpa.internal.util.LogHelper  : HHH000204: Processing PersistenceUnitInfo [name: default]
2022-09-27 18:37:12.131  INFO 6681 --- [    Test worker] org.hibernate.Version                    : HHH000412: Hibernate ORM core version 5.6.10.Final
2022-09-27 18:37:12.240  INFO 6681 --- [    Test worker] o.hibernate.annotations.common.Version   : HCANN000001: Hibernate Commons Annotations {5.1.2.Final}
2022-09-27 18:37:12.317  INFO 6681 --- [    Test worker] org.hibernate.dialect.Dialect            : HHH000400: Using dialect: org.hibernate.dialect.H2Dialect
2022-09-27 18:37:12.800  INFO 6681 --- [    Test worker] o.h.e.t.j.p.i.JtaPlatformInitiator       : HHH000490: Using JtaPlatform implementation: [org.hibernate.engine.transaction.jta.platform.internal.NoJtaPlatform]
2022-09-27 18:37:12.804  INFO 6681 --- [    Test worker] j.LocalContainerEntityManagerFactoryBean : Initialized JPA EntityManagerFactory for persistence unit 'default'
2022-09-27 18:37:13.213  WARN 6681 --- [    Test worker] JpaBaseConfiguration$JpaWebConfiguration : spring.jpa.open-in-view is enabled by default. Therefore, database queries may be performed during view rendering. Explicitly configure spring.jpa.open-in-view to disable this warning
2022-09-27 18:37:13.539  INFO 6681 --- [    Test worker] T.S.SocialCalendarApplicationTests       : Started SocialCalendarApplicationTests in 2.696 seconds (JVM running for 3.372)
]]></system-out>
  <system-err><![CDATA[]]></system-err>
</testsuite>
