<?xml version="1.0" encoding="UTF-8"?>
<testsuite name="Team43.SocialCalendar.SocialCalendarApplicationTests" tests="1" skipped="0" failures="0" errors="0" timestamp="2022-09-30T08:06:31" hostname="anjung-gyuui-MacBookPro.local" time="0.049">
  <properties/>
  <testcase name="contextLoads()" classname="Team43.SocialCalendar.SocialCalendarApplicationTests" time="0.049"/>
  <system-out><![CDATA[17:06:28.717 [Test worker] DEBUG org.springframework.test.context.BootstrapUtils - Instantiating CacheAwareContextLoaderDelegate from class [org.springframework.test.context.cache.DefaultCacheAwareContextLoaderDelegate]
17:06:28.722 [Test worker] DEBUG org.springframework.test.context.BootstrapUtils - Instantiating BootstrapContext using constructor [public org.springframework.test.context.support.DefaultBootstrapContext(java.lang.Class,org.springframework.test.context.CacheAwareContextLoaderDelegate)]
17:06:28.739 [Test worker] DEBUG org.springframework.test.context.BootstrapUtils - Instantiating TestContextBootstrapper for test class [Team43.SocialCalendar.SocialCalendarApplicationTests] from class [org.springframework.boot.test.context.SpringBootTestContextBootstrapper]
17:06:28.745 [Test worker] INFO org.springframework.boot.test.context.SpringBootTestContextBootstrapper - Neither @ContextConfiguration nor @ContextHierarchy found for test class [Team43.SocialCalendar.SocialCalendarApplicationTests], using SpringBootContextLoader
17:06:28.748 [Test worker] DEBUG org.springframework.test.context.support.AbstractContextLoader - Did not detect default resource location for test class [Team43.SocialCalendar.SocialCalendarApplicationTests]: class path resource [Team43/SocialCalendar/SocialCalendarApplicationTests-context.xml] does not exist
17:06:28.748 [Test worker] DEBUG org.springframework.test.context.support.AbstractContextLoader - Did not detect default resource location for test class [Team43.SocialCalendar.SocialCalendarApplicationTests]: class path resource [Team43/SocialCalendar/SocialCalendarApplicationTestsContext.groovy] does not exist
17:06:28.748 [Test worker] INFO org.springframework.test.context.support.AbstractContextLoader - Could not detect default resource locations for test class [Team43.SocialCalendar.SocialCalendarApplicationTests]: no resource found for suffixes {-context.xml, Context.groovy}.
17:06:28.748 [Test worker] INFO org.springframework.test.context.support.AnnotationConfigContextLoaderUtils - Could not detect default configuration classes for test class [Team43.SocialCalendar.SocialCalendarApplicationTests]: SocialCalendarApplicationTests does not declare any static, non-private, non-final, nested classes annotated with @Configuration.
17:06:28.769 [Test worker] DEBUG org.springframework.test.context.support.ActiveProfilesUtils - Could not find an 'annotation declaring class' for annotation type [org.springframework.test.context.ActiveProfiles] and class [Team43.SocialCalendar.SocialCalendarApplicationTests]
17:06:28.796 [Test worker] DEBUG org.springframework.context.annotation.ClassPathScanningCandidateComponentProvider - Identified candidate component class: file [/Users/ahn_junggyu/Desktop/SocialCalendar/back/seb39_main_043/server/SocialCalendar/build/classes/java/main/Team43/SocialCalendar/SocialCalendarApplication.class]
17:06:28.796 [Test worker] INFO org.springframework.boot.test.context.SpringBootTestContextBootstrapper - Found @SpringBootConfiguration Team43.SocialCalendar.SocialCalendarApplication for test class Team43.SocialCalendar.SocialCalendarApplicationTests
17:06:28.842 [Test worker] DEBUG org.springframework.boot.test.context.SpringBootTestContextBootstrapper - @TestExecutionListeners is not present for class [Team43.SocialCalendar.SocialCalendarApplicationTests]: using defaults.
17:06:28.842 [Test worker] INFO org.springframework.boot.test.context.SpringBootTestContextBootstrapper - Loaded default TestExecutionListener class names from location [META-INF/spring.factories]: [org.springframework.boot.test.autoconfigure.restdocs.RestDocsTestExecutionListener, org.springframework.boot.test.autoconfigure.web.client.MockRestServiceServerResetTestExecutionListener, org.springframework.boot.test.autoconfigure.web.servlet.MockMvcPrintOnlyOnFailureTestExecutionListener, org.springframework.boot.test.autoconfigure.web.servlet.WebDriverTestExecutionListener, org.springframework.boot.test.autoconfigure.webservices.client.MockWebServiceServerTestExecutionListener, org.springframework.boot.test.mock.mockito.MockitoTestExecutionListener, org.springframework.boot.test.mock.mockito.ResetMocksTestExecutionListener, org.springframework.test.context.web.ServletTestExecutionListener, org.springframework.test.context.support.DirtiesContextBeforeModesTestExecutionListener, org.springframework.test.context.event.ApplicationEventsTestExecutionListener, org.springframework.test.context.support.DependencyInjectionTestExecutionListener, org.springframework.test.context.support.DirtiesContextTestExecutionListener, org.springframework.test.context.transaction.TransactionalTestExecutionListener, org.springframework.test.context.jdbc.SqlScriptsTestExecutionListener, org.springframework.test.context.event.EventPublishingTestExecutionListener]
17:06:28.851 [Test worker] INFO org.springframework.boot.test.context.SpringBootTestContextBootstrapper - Using TestExecutionListeners: [org.springframework.test.context.web.ServletTestExecutionListener@345e5a17, org.springframework.test.context.support.DirtiesContextBeforeModesTestExecutionListener@5ea502e0, org.springframework.test.context.event.ApplicationEventsTestExecutionListener@443dbe42, org.springframework.boot.test.mock.mockito.MockitoTestExecutionListener@473b3b7a, org.springframework.boot.test.autoconfigure.SpringBootDependencyInjectionTestExecutionListener@1734f68, org.springframework.test.context.support.DirtiesContextTestExecutionListener@77b7ffa4, org.springframework.test.context.transaction.TransactionalTestExecutionListener@5ed190be, org.springframework.test.context.jdbc.SqlScriptsTestExecutionListener@402f80f5, org.springframework.test.context.event.EventPublishingTestExecutionListener@5bbc9f97, org.springframework.boot.test.autoconfigure.restdocs.RestDocsTestExecutionListener@133e019b, org.springframework.boot.test.autoconfigure.web.client.MockRestServiceServerResetTestExecutionListener@41382722, org.springframework.boot.test.autoconfigure.web.servlet.MockMvcPrintOnlyOnFailureTestExecutionListener@7dac3fd8, org.springframework.boot.test.autoconfigure.web.servlet.WebDriverTestExecutionListener@425357dd, org.springframework.boot.test.autoconfigure.webservices.client.MockWebServiceServerTestExecutionListener@2102a4d5, org.springframework.boot.test.mock.mockito.ResetMocksTestExecutionListener@210386e0]
17:06:28.853 [Test worker] DEBUG org.springframework.test.context.support.AbstractDirtiesContextTestExecutionListener - Before test class: context [DefaultTestContext@1edb61b1 testClass = SocialCalendarApplicationTests, testInstance = [null], testMethod = [null], testException = [null], mergedContextConfiguration = [WebMergedContextConfiguration@ec2bf82 testClass = SocialCalendarApplicationTests, locations = '{}', classes = '{class Team43.SocialCalendar.SocialCalendarApplication}', contextInitializerClasses = '[]', activeProfiles = '{}', propertySourceLocations = '{}', propertySourceProperties = '{org.springframework.boot.test.context.SpringBootTestContextBootstrapper=true}', contextCustomizers = set[org.springframework.boot.test.autoconfigure.actuate.metrics.MetricsExportContextCustomizerFactory$DisableMetricExportContextCustomizer@aeab9a1, org.springframework.boot.test.autoconfigure.properties.PropertyMappingContextCustomizer@0, org.springframework.boot.test.autoconfigure.web.servlet.WebDriverContextCustomizerFactory$Customizer@3a3e4aff, org.springframework.boot.test.context.filter.ExcludeFilterContextCustomizer@78fbff54, org.springframework.boot.test.json.DuplicateJsonObjectContextCustomizerFactory$DuplicateJsonObjectContextCustomizer@6941827a, org.springframework.boot.test.mock.mockito.MockitoContextCustomizer@0, org.springframework.boot.test.web.client.TestRestTemplateContextCustomizer@3f792b9b, org.springframework.boot.test.context.SpringBootTestArgs@1, org.springframework.boot.test.context.SpringBootTestWebEnvironment@4b8729ff], resourceBasePath = 'src/main/webapp', contextLoader = 'org.springframework.boot.test.context.SpringBootContextLoader', parent = [null]], attributes = map['org.springframework.test.context.web.ServletTestExecutionListener.activateListener' -> true]], class annotated with @DirtiesContext [false] with mode [null].

  .   ____          _            __ _ _
 /\\ / ___'_ __ _ _(_)_ __  __ _ \ \ \ \
( ( )\___ | '_ | '_| | '_ \/ _` | \ \ \ \
 \\/  ___)| |_)| | | | | || (_| |  ) ) ) )
  '  |____| .__|_| |_|_| |_\__, | / / / /
 =========|_|==============|___/=/_/_/_/
 :: Spring Boot ::                (v2.7.3)

2022-09-30 17:06:29.091  INFO 38299 --- [    Test worker] T.S.SocialCalendarApplicationTests       : Starting SocialCalendarApplicationTests using Java 11.0.15 on anjung-gyuui-MacBookPro.local with PID 38299 (started by ahn_junggyu in /Users/ahn_junggyu/Desktop/SocialCalendar/back/seb39_main_043/server/SocialCalendar)
2022-09-30 17:06:29.091  INFO 38299 --- [    Test worker] T.S.SocialCalendarApplicationTests       : No active profile set, falling back to 1 default profile: "mysql"
2022-09-30 17:06:29.397  INFO 38299 --- [    Test worker] .s.d.r.c.RepositoryConfigurationDelegate : Bootstrapping Spring Data JPA repositories in DEFAULT mode.
2022-09-30 17:06:29.431  INFO 38299 --- [    Test worker] .s.d.r.c.RepositoryConfigurationDelegate : Finished Spring Data repository scanning in 29 ms. Found 6 JPA repository interfaces.
2022-09-30 17:06:29.679  INFO 38299 --- [    Test worker] o.hibernate.jpa.internal.util.LogHelper  : HHH000204: Processing PersistenceUnitInfo [name: default]
2022-09-30 17:06:29.700  INFO 38299 --- [    Test worker] org.hibernate.Version                    : HHH000412: Hibernate ORM core version 5.6.10.Final
2022-09-30 17:06:29.783  INFO 38299 --- [    Test worker] o.hibernate.annotations.common.Version   : HCANN000001: Hibernate Commons Annotations {5.1.2.Final}
2022-09-30 17:06:29.829  INFO 38299 --- [    Test worker] com.zaxxer.hikari.HikariDataSource       : HikariPool-1 - Starting...
2022-09-30 17:06:30.025  INFO 38299 --- [    Test worker] com.zaxxer.hikari.HikariDataSource       : HikariPool-1 - Start completed.
2022-09-30 17:06:30.039  INFO 38299 --- [    Test worker] org.hibernate.dialect.Dialect            : HHH000400: Using dialect: org.hibernate.dialect.MySQL8Dialect
2022-09-30 17:06:30.505  INFO 38299 --- [    Test worker] o.h.e.t.j.p.i.JtaPlatformInitiator       : HHH000490: Using JtaPlatform implementation: [org.hibernate.engine.transaction.jta.platform.internal.NoJtaPlatform]
2022-09-30 17:06:30.509  INFO 38299 --- [    Test worker] j.LocalContainerEntityManagerFactoryBean : Initialized JPA EntityManagerFactory for persistence unit 'default'
2022-09-30 17:06:31.087  INFO 38299 --- [    Test worker] T.S.SocialCalendarApplicationTests       : Started SocialCalendarApplicationTests in 2.213 seconds (JVM running for 2.793)
]]></system-out>
  <system-err><![CDATA[]]></system-err>
</testsuite>
